
D:\Antigravity\Antigravity ASM\asm-internal-portal\src\app\api\admin\create-teacher\route.ts
  50:21  error  Unexpected any. Specify a different type  @typescript-eslint/no-explicit-any

D:\Antigravity\Antigravity ASM\asm-internal-portal\src\app\api\schedule\route.ts
   11:47  error  Unexpected any. Specify a different type  @typescript-eslint/no-explicit-any
   90:21  error  Unexpected any. Specify a different type  @typescript-eslint/no-explicit-any
  147:21  error  Unexpected any. Specify a different type  @typescript-eslint/no-explicit-any

D:\Antigravity\Antigravity ASM\asm-internal-portal\src\app\api\tracker\route.ts
  19:17  error  Unexpected any. Specify a different type  @typescript-eslint/no-explicit-any

D:\Antigravity\Antigravity ASM\asm-internal-portal\src\app\daily-tracker\page.tsx
  134:23  error  Unexpected any. Specify a different type  @typescript-eslint/no-explicit-any

D:\Antigravity\Antigravity ASM\asm-internal-portal\src\app\dashboard\admin\blog\page.tsx
  38:18  warning  'error' is defined but never used  @typescript-eslint/no-unused-vars
  49:18  warning  'error' is defined but never used  @typescript-eslint/no-unused-vars

D:\Antigravity\Antigravity ASM\asm-internal-portal\src\app\dashboard\admin\manage-results\page.tsx
  5:28  warning  'getStudentResult' is defined but never used  @typescript-eslint/no-unused-vars

D:\Antigravity\Antigravity ASM\asm-internal-portal\src\app\dashboard\admin\page.tsx
  13:5  warning  'addDoc' is defined but never used  @typescript-eslint/no-unused-vars
  19:8  warning  'Link' is defined but never used    @typescript-eslint/no-unused-vars

D:\Antigravity\Antigravity ASM\asm-internal-portal\src\app\dashboard\admin\resource-management\page.tsx
  26:19  warning  'userProfile' is assigned a value but never used                                                         @typescript-eslint/no-unused-vars
  76:9   error    Do not assign to the variable `module`. See: https://nextjs.org/docs/messages/no-assign-module-variable  @next/next/no-assign-module-variable

D:\Antigravity\Antigravity ASM\asm-internal-portal\src\app\dashboard\admin\student-updates\page.tsx
  162:84  error  Unexpected any. Specify a different type  @typescript-eslint/no-explicit-any

D:\Antigravity\Antigravity ASM\asm-internal-portal\src\app\dashboard\admin\success-stories\page.tsx
   21:20  error  Unexpected any. Specify a different type  @typescript-eslint/no-explicit-any
  128:20  error  Unexpected any. Specify a different type  @typescript-eslint/no-explicit-any
  287:42  error  Unexpected any. Specify a different type  @typescript-eslint/no-explicit-any
  297:23  error  Unexpected any. Specify a different type  @typescript-eslint/no-explicit-any
  313:43  error  Unexpected any. Specify a different type  @typescript-eslint/no-explicit-any
  323:23  error  Unexpected any. Specify a different type  @typescript-eslint/no-explicit-any

D:\Antigravity\Antigravity ASM\asm-internal-portal\src\app\dashboard\all-batch-info\page.tsx
    10:33   error    Unexpected any. Specify a different type             @typescript-eslint/no-explicit-any
    15:32   error    Unexpected any. Specify a different type             @typescript-eslint/no-explicit-any
    21:33   error    Unexpected any. Specify a different type             @typescript-eslint/no-explicit-any
    26:29   error    Unexpected any. Specify a different type             @typescript-eslint/no-explicit-any
    31:30   error    Unexpected any. Specify a different type             @typescript-eslint/no-explicit-any
    36:31   error    Unexpected any. Specify a different type             @typescript-eslint/no-explicit-any
    41:36   error    Unexpected any. Specify a different type             @typescript-eslint/no-explicit-any
    46:40   error    Unexpected any. Specify a different type             @typescript-eslint/no-explicit-any
    51:36   error    Unexpected any. Specify a different type             @typescript-eslint/no-explicit-any
    56:31   error    Unexpected any. Specify a different type             @typescript-eslint/no-explicit-any
    61:37   error    Unexpected any. Specify a different type             @typescript-eslint/no-explicit-any
    67:35   error    Unexpected any. Specify a different type             @typescript-eslint/no-explicit-any
   184:11   warning  'isSearchActive' is assigned a value but never used  @typescript-eslint/no-unused-vars
   203:29   error    Unexpected any. Specify a different type             @typescript-eslint/no-explicit-any
   322:44   error    Unexpected any. Specify a different type             @typescript-eslint/no-explicit-any
   325:51   error    Unexpected any. Specify a different type             @typescript-eslint/no-explicit-any
   326:55   error    Unexpected any. Specify a different type             @typescript-eslint/no-explicit-any
   378:52   error    Unexpected any. Specify a different type             @typescript-eslint/no-explicit-any
   381:56   error    Unexpected any. Specify a different type             @typescript-eslint/no-explicit-any
   382:63   error    Unexpected any. Specify a different type             @typescript-eslint/no-explicit-any
   418:30   error    Unexpected any. Specify a different type             @typescript-eslint/no-explicit-any
   647:42   error    Unexpected any. Specify a different type             @typescript-eslint/no-explicit-any
   648:56   error    Unexpected any. Specify a different type             @typescript-eslint/no-explicit-any
   658:107  error    Unexpected any. Specify a different type             @typescript-eslint/no-explicit-any
   659:132  error    Unexpected any. Specify a different type             @typescript-eslint/no-explicit-any
   663:107  error    Unexpected any. Specify a different type             @typescript-eslint/no-explicit-any
   664:115  error    Unexpected any. Specify a different type             @typescript-eslint/no-explicit-any
   664:142  error    Unexpected any. Specify a different type             @typescript-eslint/no-explicit-any
   670:85   error    Unexpected any. Specify a different type             @typescript-eslint/no-explicit-any
   702:50   error    Unexpected any. Specify a different type             @typescript-eslint/no-explicit-any
   703:64   error    Unexpected any. Specify a different type             @typescript-eslint/no-explicit-any
   713:115  error    Unexpected any. Specify a different type             @typescript-eslint/no-explicit-any
   714:140  error    Unexpected any. Specify a different type             @typescript-eslint/no-explicit-any
   718:115  error    Unexpected any. Specify a different type             @typescript-eslint/no-explicit-any
   719:123  error    Unexpected any. Specify a different type             @typescript-eslint/no-explicit-any
   719:150  error    Unexpected any. Specify a different type             @typescript-eslint/no-explicit-any
   725:93   error    Unexpected any. Specify a different type             @typescript-eslint/no-explicit-any
  1085:92   error    Unexpected any. Specify a different type             @typescript-eslint/no-explicit-any
  1109:92   error    Unexpected any. Specify a different type             @typescript-eslint/no-explicit-any
  1122:92   error    Unexpected any. Specify a different type             @typescript-eslint/no-explicit-any
  1141:92   error    Unexpected any. Specify a different type             @typescript-eslint/no-explicit-any

D:\Antigravity\Antigravity ASM\asm-internal-portal\src\app\dashboard\feedback\page.tsx
  53:18  warning  'error' is defined but never used  @typescript-eslint/no-unused-vars
  65:18  warning  'error' is defined but never used  @typescript-eslint/no-unused-vars

D:\Antigravity\Antigravity ASM\asm-internal-portal\src\app\dashboard\homework\page.tsx
  19:12  warning  'teachers' is assigned a value but never used                                                                                 @typescript-eslint/no-unused-vars
  44:32  error    Unexpected any. Specify a different type                                                                                      @typescript-eslint/no-explicit-any
  96:8   warning  React Hook useEffect has missing dependencies: 'isAdmin' and 'isTeacher'. Either include them or remove the dependency array  react-hooks/exhaustive-deps

D:\Antigravity\Antigravity ASM\asm-internal-portal\src\app\dashboard\page.tsx
  317:76   error  `'` can be escaped with `&apos;`, `&lsquo;`, `&#39;`, `&rsquo;`  react/no-unescaped-entities
  432:85   error  `"` can be escaped with `&quot;`, `&ldquo;`, `&#34;`, `&rdquo;`  react/no-unescaped-entities
  432:109  error  `"` can be escaped with `&quot;`, `&ldquo;`, `&#34;`, `&rdquo;`  react/no-unescaped-entities
  567:73   error  `"` can be escaped with `&quot;`, `&ldquo;`, `&#34;`, `&rdquo;`  react/no-unescaped-entities
  567:96   error  `"` can be escaped with `&quot;`, `&ldquo;`, `&#34;`, `&rdquo;`  react/no-unescaped-entities

D:\Antigravity\Antigravity ASM\asm-internal-portal\src\app\dashboard\resources\page.tsx
  105:8  warning  React Hook useEffect has a missing dependency: 'fetchMyModuleResources'. Either include it or remove the dependency array  react-hooks/exhaustive-deps
  117:9  error    Do not assign to the variable `module`. See: https://nextjs.org/docs/messages/no-assign-module-variable                    @next/next/no-assign-module-variable

D:\Antigravity\Antigravity ASM\asm-internal-portal\src\app\dashboard\schedule\page.tsx
  109:29  error    Unexpected any. Specify a different type                                                                              @typescript-eslint/no-explicit-any
  136:55  error    Unexpected any. Specify a different type                                                                              @typescript-eslint/no-explicit-any
  152:11  warning  'today' is assigned a value but never used                                                                            @typescript-eslint/no-unused-vars
  176:8   warning  React Hook useEffect has a missing dependency: 'fetchScheduleData'. Either include it or remove the dependency array  react-hooks/exhaustive-deps
  300:59  error    Unexpected any. Specify a different type                                                                              @typescript-eslint/no-explicit-any
  534:65  error    Unexpected any. Specify a different type                                                                              @typescript-eslint/no-explicit-any
  598:33  error    Unexpected any. Specify a different type                                                                              @typescript-eslint/no-explicit-any

D:\Antigravity\Antigravity ASM\asm-internal-portal\src\app\dashboard\tracker\page.tsx
   28:52  error  Unexpected any. Specify a different type  @typescript-eslint/no-explicit-any
   74:23  error  Unexpected any. Specify a different type  @typescript-eslint/no-explicit-any
  119:37  error  Unexpected any. Specify a different type  @typescript-eslint/no-explicit-any
  127:54  error  Unexpected any. Specify a different type  @typescript-eslint/no-explicit-any
  129:41  error  Unexpected any. Specify a different type  @typescript-eslint/no-explicit-any
  137:23  error  Unexpected any. Specify a different type  @typescript-eslint/no-explicit-any
  267:74  error  Unexpected any. Specify a different type  @typescript-eslint/no-explicit-any

D:\Antigravity\Antigravity ASM\asm-internal-portal\src\app\enroll\page.tsx
  99:25  error  Unexpected any. Specify a different type  @typescript-eslint/no-explicit-any

D:\Antigravity\Antigravity ASM\asm-internal-portal\src\app\instructors\page.tsx
  87:11  warning  'approachPoints' is assigned a value but never used  @typescript-eslint/no-unused-vars

D:\Antigravity\Antigravity ASM\asm-internal-portal\src\app\login\page.tsx
    9:11  warning  'router' is assigned a value but never used             @typescript-eslint/no-unused-vars
   59:23  error    Unexpected any. Specify a different type                @typescript-eslint/no-explicit-any
   65:11  warning  'handleGoogleLogin' is assigned a value but never used  @typescript-eslint/no-unused-vars
   74:23  error    Unexpected any. Specify a different type                @typescript-eslint/no-explicit-any
  104:23  error    Unexpected any. Specify a different type                @typescript-eslint/no-explicit-any

D:\Antigravity\Antigravity ASM\asm-internal-portal\src\app\student-dashboard\course-outline\page.tsx
  76:84  error  `'` can be escaped with `&apos;`, `&lsquo;`, `&#39;`, `&rsquo;`  react/no-unescaped-entities

D:\Antigravity\Antigravity ASM\asm-internal-portal\src\app\student-dashboard\profile\page.tsx
  120:23  error  Unexpected any. Specify a different type  @typescript-eslint/no-explicit-any

D:\Antigravity\Antigravity ASM\asm-internal-portal\src\app\student-feedback\page.tsx
  97:18  warning  'err' is defined but never used  @typescript-eslint/no-unused-vars

D:\Antigravity\Antigravity ASM\asm-internal-portal\src\app\student-login\page.tsx
   25:11  warning  'router' is assigned a value but never used                      @typescript-eslint/no-unused-vars
  136:23  error    Unexpected any. Specify a different type                         @typescript-eslint/no-explicit-any
  165:23  error    Unexpected any. Specify a different type                         @typescript-eslint/no-explicit-any
  310:74  error    `'` can be escaped with `&apos;`, `&lsquo;`, `&#39;`, `&rsquo;`  react/no-unescaped-entities

D:\Antigravity\Antigravity ASM\asm-internal-portal\src\components\blog\BlogComments.tsx
    6:5   warning  'CommentReply' is defined but never used                                                                         @typescript-eslint/no-unused-vars
   34:8   warning  React Hook useEffect has a missing dependency: 'loadComments'. Either include it or remove the dependency array  react-hooks/exhaustive-deps
  124:18  warning  'e' is defined but never used                                                                                    @typescript-eslint/no-unused-vars

D:\Antigravity\Antigravity ASM\asm-internal-portal\src\components\ui\AboutCourseSection.tsx
  3:10  warning  'cn' is defined but never used  @typescript-eslint/no-unused-vars

D:\Antigravity\Antigravity ASM\asm-internal-portal\src\components\ui\EthicsSection.tsx
  3:10  warning  'cn' is defined but never used  @typescript-eslint/no-unused-vars

D:\Antigravity\Antigravity ASM\asm-internal-portal\src\components\ui\Header.tsx
  33:5  warning  'onCtaClick' is defined but never used           @typescript-eslint/no-unused-vars
  36:5  warning  'onSecondaryCtaClick' is defined but never used  @typescript-eslint/no-unused-vars
  38:5  warning  'onBrandClick' is defined but never used         @typescript-eslint/no-unused-vars

D:\Antigravity\Antigravity ASM\asm-internal-portal\src\components\ui\HeroSection.tsx
  26:5  warning  'subheading' is defined but never used  @typescript-eslint/no-unused-vars

D:\Antigravity\Antigravity ASM\asm-internal-portal\src\components\ui\InstructorCard.tsx
  15:42  warning  'index' is defined but never used  @typescript-eslint/no-unused-vars

D:\Antigravity\Antigravity ASM\asm-internal-portal\src\components\ui\LearningOutcomes.tsx
  4:10  warning  'useEffect' is defined but never used  @typescript-eslint/no-unused-vars
  4:29  warning  'useState' is defined but never used   @typescript-eslint/no-unused-vars

D:\Antigravity\Antigravity ASM\asm-internal-portal\src\components\ui\LearningPhilosophySection.tsx
  3:10  warning  'cn' is defined but never used  @typescript-eslint/no-unused-vars

D:\Antigravity\Antigravity ASM\asm-internal-portal\src\components\ui\TeacherCard.tsx
  108:29  error  `"` can be escaped with `&quot;`, `&ldquo;`, `&#34;`, `&rdquo;`  react/no-unescaped-entities
  108:72  error  `"` can be escaped with `&quot;`, `&ldquo;`, `&#34;`, `&rdquo;`  react/no-unescaped-entities

D:\Antigravity\Antigravity ASM\asm-internal-portal\src\services\adminService.ts
  6:5  warning  'orderBy' is defined but never used  @typescript-eslint/no-unused-vars

D:\Antigravity\Antigravity ASM\asm-internal-portal\src\services\authService.ts
   12:31  warning  'updateDoc' is defined but never used     @typescript-eslint/no-unused-vars
   26:21  error    Unexpected any. Specify a different type  @typescript-eslint/no-explicit-any
   54:21  error    Unexpected any. Specify a different type  @typescript-eslint/no-explicit-any
   62:30  error    Unexpected any. Specify a different type  @typescript-eslint/no-explicit-any
   99:21  error    Unexpected any. Specify a different type  @typescript-eslint/no-explicit-any
  110:14  warning  'error' is defined but never used         @typescript-eslint/no-unused-vars
  110:21  error    Unexpected any. Specify a different type  @typescript-eslint/no-explicit-any
  121:21  error    Unexpected any. Specify a different type  @typescript-eslint/no-explicit-any

D:\Antigravity\Antigravity ASM\asm-internal-portal\src\services\batchInfoService.ts
  64:24  error  Unexpected any. Specify a different type  @typescript-eslint/no-explicit-any

D:\Antigravity\Antigravity ASM\asm-internal-portal\src\services\blogService.ts
  30:16  error  Unexpected any. Specify a different type  @typescript-eslint/no-explicit-any
  31:19  error  Unexpected any. Specify a different type  @typescript-eslint/no-explicit-any
  32:17  error  Unexpected any. Specify a different type  @typescript-eslint/no-explicit-any

D:\Antigravity\Antigravity ASM\asm-internal-portal\src\services\commentService.ts
  22:16  error  Unexpected any. Specify a different type  @typescript-eslint/no-explicit-any
  32:16  error  Unexpected any. Specify a different type  @typescript-eslint/no-explicit-any
  57:59  error  Unexpected any. Specify a different type  @typescript-eslint/no-explicit-any

D:\Antigravity\Antigravity ASM\asm-internal-portal\src\services\contactService.ts
   1:82  warning  'Timestamp' is defined but never used     @typescript-eslint/no-unused-vars
   1:93  warning  'where' is defined but never used         @typescript-eslint/no-unused-vars
  14:16  error    Unexpected any. Specify a different type  @typescript-eslint/no-explicit-any

D:\Antigravity\Antigravity ASM\asm-internal-portal\src\services\dashboardService.ts
  1:73  warning  'where' is defined but never used  @typescript-eslint/no-unused-vars

D:\Antigravity\Antigravity ASM\asm-internal-portal\src\services\homeworkService.ts
  19:18  error  Unexpected any. Specify a different type  @typescript-eslint/no-explicit-any
  72:24  error  Unexpected any. Specify a different type  @typescript-eslint/no-explicit-any

D:\Antigravity\Antigravity ASM\asm-internal-portal\src\services\moduleResourceService.ts
  28:18  error  Unexpected any. Specify a different type  @typescript-eslint/no-explicit-any
  29:17  error  Unexpected any. Specify a different type  @typescript-eslint/no-explicit-any

D:\Antigravity\Antigravity ASM\asm-internal-portal\src\services\policyService.ts
    1:82  warning  'Timestamp' is defined but never used     @typescript-eslint/no-unused-vars
   10:17  error    Unexpected any. Specify a different type  @typescript-eslint/no-explicit-any
   19:17  error    Unexpected any. Specify a different type  @typescript-eslint/no-explicit-any
  131:27  error    Unexpected any. Specify a different type  @typescript-eslint/no-explicit-any
  162:27  error    Unexpected any. Specify a different type  @typescript-eslint/no-explicit-any

D:\Antigravity\Antigravity ASM\asm-internal-portal\src\services\resourceService.ts
   12:16  error  Unexpected any. Specify a different type  @typescript-eslint/no-explicit-any
  106:21  error  Unexpected any. Specify a different type  @typescript-eslint/no-explicit-any
  132:27  error  Unexpected any. Specify a different type  @typescript-eslint/no-explicit-any

D:\Antigravity\Antigravity ASM\asm-internal-portal\src\services\resultService.ts
  57:15  warning  'docId' is assigned a value but never used  @typescript-eslint/no-unused-vars

D:\Antigravity\Antigravity ASM\asm-internal-portal\src\services\scheduleService.ts
    8:5   warning  'orderBy' is defined but never used       @typescript-eslint/no-unused-vars
   53:14  warning  'e' is defined but never used             @typescript-eslint/no-unused-vars
   84:33  error    Unexpected any. Specify a different type  @typescript-eslint/no-explicit-any
  161:43  error    Unexpected any. Specify a different type  @typescript-eslint/no-explicit-any
  213:43  error    Unexpected any. Specify a different type  @typescript-eslint/no-explicit-any
  307:39  error    Unexpected any. Specify a different type  @typescript-eslint/no-explicit-any
  314:39  error    Unexpected any. Specify a different type  @typescript-eslint/no-explicit-any
  549:24  error    Unexpected any. Specify a different type  @typescript-eslint/no-explicit-any

D:\Antigravity\Antigravity ASM\asm-internal-portal\src\services\studentUpdateService.ts
   2:90  warning  'where' is defined but never used         @typescript-eslint/no-unused-vars
  96:41  error    Unexpected any. Specify a different type  @typescript-eslint/no-explicit-any

D:\Antigravity\Antigravity ASM\asm-internal-portal\src\services\successStoryService.ts
   28:16  error  Unexpected any. Specify a different type  @typescript-eslint/no-explicit-any
   29:17  error  Unexpected any. Specify a different type  @typescript-eslint/no-explicit-any
  108:16  error  Unexpected any. Specify a different type  @typescript-eslint/no-explicit-any
  109:17  error  Unexpected any. Specify a different type  @typescript-eslint/no-explicit-any

✖ 163 problems (120 errors, 43 warnings)

